2025-11-04 11:48:52.902 | DEBUG    | __main__:<module>:9 - L'application Streamlit est en cours de démarrage...
2025-11-04 11:51:04.258 | DEBUG    | __main__:<module>:9 - L'application Streamlit est en cours de démarrage...
2025-11-04 11:51:04.258 | DEBUG    | __main__:<module>:9 - L'application Streamlit est en cours de démarrage...
2025-11-04 11:51:11.212 | DEBUG    | __main__:<module>:9 - L'application Streamlit est en cours de démarrage...
2025-11-04 11:51:11.212 | DEBUG    | __main__:<module>:9 - L'application Streamlit est en cours de démarrage...
2025-11-04 11:51:11.212 | DEBUG    | __main__:<module>:9 - L'application Streamlit est en cours de démarrage...
2025-11-04 11:51:31.084 | DEBUG    | __main__:<module>:9 - L'application Streamlit est en cours de démarrage...
2025-11-04 11:51:31.084 | DEBUG    | __main__:<module>:9 - L'application Streamlit est en cours de démarrage...
2025-11-04 11:51:31.084 | DEBUG    | __main__:<module>:9 - L'application Streamlit est en cours de démarrage...
2025-11-04 11:51:31.084 | DEBUG    | __main__:<module>:9 - L'application Streamlit est en cours de démarrage...
2025-11-04 11:51:32.151 | DEBUG    | __main__:<module>:9 - L'application Streamlit est en cours de démarrage...
2025-11-04 11:51:32.151 | DEBUG    | __main__:<module>:9 - L'application Streamlit est en cours de démarrage...
2025-11-04 11:51:32.151 | DEBUG    | __main__:<module>:9 - L'application Streamlit est en cours de démarrage...
2025-11-04 11:51:32.151 | DEBUG    | __main__:<module>:9 - L'application Streamlit est en cours de démarrage...
2025-11-04 11:51:32.151 | DEBUG    | __main__:<module>:9 - L'application Streamlit est en cours de démarrage...
2025-11-04 11:52:14.845 | DEBUG    | __main__:<module>:9 - L'application Streamlit est en cours de démarrage...
2025-11-04 11:52:14.845 | DEBUG    | __main__:<module>:9 - L'application Streamlit est en cours de démarrage...
2025-11-04 11:52:14.845 | DEBUG    | __main__:<module>:9 - L'application Streamlit est en cours de démarrage...
2025-11-04 11:52:14.845 | DEBUG    | __main__:<module>:9 - L'application Streamlit est en cours de démarrage...
2025-11-04 11:52:14.845 | DEBUG    | __main__:<module>:9 - L'application Streamlit est en cours de démarrage...
2025-11-04 11:52:14.845 | DEBUG    | __main__:<module>:9 - L'application Streamlit est en cours de démarrage...
2025-11-04 11:52:16.266 | DEBUG    | __main__:<module>:9 - L'application Streamlit est en cours de démarrage...
2025-11-04 11:52:16.266 | DEBUG    | __main__:<module>:9 - L'application Streamlit est en cours de démarrage...
2025-11-04 11:52:16.266 | DEBUG    | __main__:<module>:9 - L'application Streamlit est en cours de démarrage...
2025-11-04 11:52:16.266 | DEBUG    | __main__:<module>:9 - L'application Streamlit est en cours de démarrage...
2025-11-04 11:52:16.266 | DEBUG    | __main__:<module>:9 - L'application Streamlit est en cours de démarrage...
2025-11-04 11:52:16.266 | DEBUG    | __main__:<module>:9 - L'application Streamlit est en cours de démarrage...
2025-11-04 11:52:16.266 | DEBUG    | __main__:<module>:9 - L'application Streamlit est en cours de démarrage...
2025-11-04 11:53:51.892 | DEBUG    | __main__:<module>:9 - L'application Streamlit est en cours de démarrage...
2025-11-04 11:53:51.892 | DEBUG    | __main__:<module>:9 - L'application Streamlit est en cours de démarrage...
2025-11-04 11:53:51.892 | DEBUG    | __main__:<module>:9 - L'application Streamlit est en cours de démarrage...
2025-11-04 11:53:51.892 | DEBUG    | __main__:<module>:9 - L'application Streamlit est en cours de démarrage...
2025-11-04 11:53:51.892 | DEBUG    | __main__:<module>:9 - L'application Streamlit est en cours de démarrage...
2025-11-04 11:53:51.892 | DEBUG    | __main__:<module>:9 - L'application Streamlit est en cours de démarrage...
2025-11-04 11:53:51.892 | DEBUG    | __main__:<module>:9 - L'application Streamlit est en cours de démarrage...
2025-11-04 11:53:51.892 | DEBUG    | __main__:<module>:9 - L'application Streamlit est en cours de démarrage...
2025-11-04 11:54:03.248 | DEBUG    | __main__:<module>:9 - L'application Streamlit est en cours de démarrage...
2025-11-04 11:54:03.248 | DEBUG    | __main__:<module>:9 - L'application Streamlit est en cours de démarrage...
2025-11-04 11:54:03.248 | DEBUG    | __main__:<module>:9 - L'application Streamlit est en cours de démarrage...
2025-11-04 11:54:03.248 | DEBUG    | __main__:<module>:9 - L'application Streamlit est en cours de démarrage...
2025-11-04 11:54:03.248 | DEBUG    | __main__:<module>:9 - L'application Streamlit est en cours de démarrage...
2025-11-04 11:54:03.248 | DEBUG    | __main__:<module>:9 - L'application Streamlit est en cours de démarrage...
2025-11-04 11:54:03.248 | DEBUG    | __main__:<module>:9 - L'application Streamlit est en cours de démarrage...
2025-11-04 11:54:03.248 | DEBUG    | __main__:<module>:9 - L'application Streamlit est en cours de démarrage...
2025-11-04 11:54:03.248 | DEBUG    | __main__:<module>:9 - L'application Streamlit est en cours de démarrage...
2025-11-04 11:54:22.751 | DEBUG    | __main__:<module>:9 - L'application Streamlit est en cours de démarrage...
2025-11-04 11:54:22.751 | DEBUG    | __main__:<module>:9 - L'application Streamlit est en cours de démarrage...
2025-11-04 11:54:22.751 | DEBUG    | __main__:<module>:9 - L'application Streamlit est en cours de démarrage...
2025-11-04 11:54:22.751 | DEBUG    | __main__:<module>:9 - L'application Streamlit est en cours de démarrage...
2025-11-04 11:54:22.751 | DEBUG    | __main__:<module>:9 - L'application Streamlit est en cours de démarrage...
2025-11-04 11:54:22.751 | DEBUG    | __main__:<module>:9 - L'application Streamlit est en cours de démarrage...
2025-11-04 11:54:22.751 | DEBUG    | __main__:<module>:9 - L'application Streamlit est en cours de démarrage...
2025-11-04 11:54:22.751 | DEBUG    | __main__:<module>:9 - L'application Streamlit est en cours de démarrage...
2025-11-04 11:54:22.751 | DEBUG    | __main__:<module>:9 - L'application Streamlit est en cours de démarrage...
2025-11-04 11:54:22.751 | DEBUG    | __main__:<module>:9 - L'application Streamlit est en cours de démarrage...
2025-11-04 12:01:59.981 | DEBUG    | __main__:<module>:9 - L'application Streamlit est en cours de démarrage...
2025-11-04 12:01:59.981 | DEBUG    | __main__:<module>:9 - L'application Streamlit est en cours de démarrage...
2025-11-04 12:01:59.981 | DEBUG    | __main__:<module>:9 - L'application Streamlit est en cours de démarrage...
2025-11-04 12:01:59.981 | DEBUG    | __main__:<module>:9 - L'application Streamlit est en cours de démarrage...
2025-11-04 12:01:59.981 | DEBUG    | __main__:<module>:9 - L'application Streamlit est en cours de démarrage...
2025-11-04 12:01:59.981 | DEBUG    | __main__:<module>:9 - L'application Streamlit est en cours de démarrage...
2025-11-04 12:01:59.981 | DEBUG    | __main__:<module>:9 - L'application Streamlit est en cours de démarrage...
2025-11-04 12:01:59.981 | DEBUG    | __main__:<module>:9 - L'application Streamlit est en cours de démarrage...
2025-11-04 12:01:59.981 | DEBUG    | __main__:<module>:9 - L'application Streamlit est en cours de démarrage...
2025-11-04 12:01:59.981 | DEBUG    | __main__:<module>:9 - L'application Streamlit est en cours de démarrage...
2025-11-04 12:01:59.981 | DEBUG    | __main__:<module>:9 - L'application Streamlit est en cours de démarrage...
2025-11-04 12:02:01.190 | DEBUG    | __main__:<module>:9 - L'application Streamlit est en cours de démarrage...
2025-11-04 12:02:01.190 | DEBUG    | __main__:<module>:9 - L'application Streamlit est en cours de démarrage...
2025-11-04 12:02:01.190 | DEBUG    | __main__:<module>:9 - L'application Streamlit est en cours de démarrage...
2025-11-04 12:02:01.190 | DEBUG    | __main__:<module>:9 - L'application Streamlit est en cours de démarrage...
2025-11-04 12:02:01.190 | DEBUG    | __main__:<module>:9 - L'application Streamlit est en cours de démarrage...
2025-11-04 12:02:01.190 | DEBUG    | __main__:<module>:9 - L'application Streamlit est en cours de démarrage...
2025-11-04 12:02:01.190 | DEBUG    | __main__:<module>:9 - L'application Streamlit est en cours de démarrage...
2025-11-04 12:02:01.190 | DEBUG    | __main__:<module>:9 - L'application Streamlit est en cours de démarrage...
2025-11-04 12:02:01.190 | DEBUG    | __main__:<module>:9 - L'application Streamlit est en cours de démarrage...
2025-11-04 12:02:01.190 | DEBUG    | __main__:<module>:9 - L'application Streamlit est en cours de démarrage...
2025-11-04 12:02:01.190 | DEBUG    | __main__:<module>:9 - L'application Streamlit est en cours de démarrage...
2025-11-04 12:02:01.190 | DEBUG    | __main__:<module>:9 - L'application Streamlit est en cours de démarrage...
2025-11-04 12:02:01.193 | INFO     | __main__:<module>:19 - Texte à analyser: I love kitten
2025-11-04 12:02:01.193 | INFO     | __main__:<module>:19 - Texte à analyser: I love kitten
2025-11-04 12:02:01.193 | INFO     | __main__:<module>:19 - Texte à analyser: I love kitten
2025-11-04 12:02:01.193 | INFO     | __main__:<module>:19 - Texte à analyser: I love kitten
2025-11-04 12:02:01.193 | INFO     | __main__:<module>:19 - Texte à analyser: I love kitten
2025-11-04 12:02:01.193 | INFO     | __main__:<module>:19 - Texte à analyser: I love kitten
2025-11-04 12:02:01.193 | INFO     | __main__:<module>:19 - Texte à analyser: I love kitten
2025-11-04 12:02:01.193 | INFO     | __main__:<module>:19 - Texte à analyser: I love kitten
2025-11-04 12:02:01.193 | INFO     | __main__:<module>:19 - Texte à analyser: I love kitten
2025-11-04 12:02:01.193 | INFO     | __main__:<module>:19 - Texte à analyser: I love kitten
2025-11-04 12:02:01.193 | INFO     | __main__:<module>:19 - Texte à analyser: I love kitten
2025-11-04 12:02:01.193 | INFO     | __main__:<module>:19 - Texte à analyser: I love kitten
2025-11-04 12:02:01.218 | ERROR    | __main__:<module>:33 - Erreur de connexion à l'API : 500 Server Error: Internal Server Error for url: http://127.0.0.1/analyse_sentiment
2025-11-04 12:02:01.218 | ERROR    | __main__:<module>:33 - Erreur de connexion à l'API : 500 Server Error: Internal Server Error for url: http://127.0.0.1/analyse_sentiment
2025-11-04 12:02:01.218 | ERROR    | __main__:<module>:33 - Erreur de connexion à l'API : 500 Server Error: Internal Server Error for url: http://127.0.0.1/analyse_sentiment
2025-11-04 12:02:01.218 | ERROR    | __main__:<module>:33 - Erreur de connexion à l'API : 500 Server Error: Internal Server Error for url: http://127.0.0.1/analyse_sentiment
2025-11-04 12:02:01.218 | ERROR    | __main__:<module>:33 - Erreur de connexion à l'API : 500 Server Error: Internal Server Error for url: http://127.0.0.1/analyse_sentiment
2025-11-04 12:02:01.218 | ERROR    | __main__:<module>:33 - Erreur de connexion à l'API : 500 Server Error: Internal Server Error for url: http://127.0.0.1/analyse_sentiment
2025-11-04 12:02:01.218 | ERROR    | __main__:<module>:33 - Erreur de connexion à l'API : 500 Server Error: Internal Server Error for url: http://127.0.0.1/analyse_sentiment
2025-11-04 12:02:01.218 | ERROR    | __main__:<module>:33 - Erreur de connexion à l'API : 500 Server Error: Internal Server Error for url: http://127.0.0.1/analyse_sentiment
2025-11-04 12:02:01.218 | ERROR    | __main__:<module>:33 - Erreur de connexion à l'API : 500 Server Error: Internal Server Error for url: http://127.0.0.1/analyse_sentiment
2025-11-04 12:02:01.218 | ERROR    | __main__:<module>:33 - Erreur de connexion à l'API : 500 Server Error: Internal Server Error for url: http://127.0.0.1/analyse_sentiment
2025-11-04 12:02:01.218 | ERROR    | __main__:<module>:33 - Erreur de connexion à l'API : 500 Server Error: Internal Server Error for url: http://127.0.0.1/analyse_sentiment
2025-11-04 12:02:01.218 | ERROR    | __main__:<module>:33 - Erreur de connexion à l'API : 500 Server Error: Internal Server Error for url: http://127.0.0.1/analyse_sentiment
2025-11-04 12:02:16.821 | DEBUG    | __main__:<module>:9 - L'application Streamlit est en cours de démarrage...
2025-11-04 12:02:16.821 | DEBUG    | __main__:<module>:9 - L'application Streamlit est en cours de démarrage...
2025-11-04 12:02:16.821 | DEBUG    | __main__:<module>:9 - L'application Streamlit est en cours de démarrage...
2025-11-04 12:02:16.821 | DEBUG    | __main__:<module>:9 - L'application Streamlit est en cours de démarrage...
2025-11-04 12:02:16.821 | DEBUG    | __main__:<module>:9 - L'application Streamlit est en cours de démarrage...
2025-11-04 12:02:16.821 | DEBUG    | __main__:<module>:9 - L'application Streamlit est en cours de démarrage...
2025-11-04 12:02:16.821 | DEBUG    | __main__:<module>:9 - L'application Streamlit est en cours de démarrage...
2025-11-04 12:02:16.821 | DEBUG    | __main__:<module>:9 - L'application Streamlit est en cours de démarrage...
2025-11-04 12:02:16.821 | DEBUG    | __main__:<module>:9 - L'application Streamlit est en cours de démarrage...
2025-11-04 12:02:16.821 | DEBUG    | __main__:<module>:9 - L'application Streamlit est en cours de démarrage...
2025-11-04 12:02:16.821 | DEBUG    | __main__:<module>:9 - L'application Streamlit est en cours de démarrage...
2025-11-04 12:02:16.821 | DEBUG    | __main__:<module>:9 - L'application Streamlit est en cours de démarrage...
2025-11-04 12:02:16.821 | DEBUG    | __main__:<module>:9 - L'application Streamlit est en cours de démarrage...
2025-11-04 12:02:16.824 | INFO     | __main__:<module>:19 - Texte à analyser: I love kitten
2025-11-04 12:02:16.824 | INFO     | __main__:<module>:19 - Texte à analyser: I love kitten
2025-11-04 12:02:16.824 | INFO     | __main__:<module>:19 - Texte à analyser: I love kitten
2025-11-04 12:02:16.824 | INFO     | __main__:<module>:19 - Texte à analyser: I love kitten
2025-11-04 12:02:16.824 | INFO     | __main__:<module>:19 - Texte à analyser: I love kitten
2025-11-04 12:02:16.824 | INFO     | __main__:<module>:19 - Texte à analyser: I love kitten
2025-11-04 12:02:16.824 | INFO     | __main__:<module>:19 - Texte à analyser: I love kitten
2025-11-04 12:02:16.824 | INFO     | __main__:<module>:19 - Texte à analyser: I love kitten
2025-11-04 12:02:16.824 | INFO     | __main__:<module>:19 - Texte à analyser: I love kitten
2025-11-04 12:02:16.824 | INFO     | __main__:<module>:19 - Texte à analyser: I love kitten
2025-11-04 12:02:16.824 | INFO     | __main__:<module>:19 - Texte à analyser: I love kitten
2025-11-04 12:02:16.824 | INFO     | __main__:<module>:19 - Texte à analyser: I love kitten
2025-11-04 12:02:16.824 | INFO     | __main__:<module>:19 - Texte à analyser: I love kitten
2025-11-04 12:02:16.836 | ERROR    | __main__:<module>:33 - Erreur de connexion à l'API : 500 Server Error: Internal Server Error for url: http://127.0.0.1/analyse_sentiment
2025-11-04 12:02:16.836 | ERROR    | __main__:<module>:33 - Erreur de connexion à l'API : 500 Server Error: Internal Server Error for url: http://127.0.0.1/analyse_sentiment
2025-11-04 12:02:16.836 | ERROR    | __main__:<module>:33 - Erreur de connexion à l'API : 500 Server Error: Internal Server Error for url: http://127.0.0.1/analyse_sentiment
2025-11-04 12:02:16.836 | ERROR    | __main__:<module>:33 - Erreur de connexion à l'API : 500 Server Error: Internal Server Error for url: http://127.0.0.1/analyse_sentiment
2025-11-04 12:02:16.836 | ERROR    | __main__:<module>:33 - Erreur de connexion à l'API : 500 Server Error: Internal Server Error for url: http://127.0.0.1/analyse_sentiment
2025-11-04 12:02:16.836 | ERROR    | __main__:<module>:33 - Erreur de connexion à l'API : 500 Server Error: Internal Server Error for url: http://127.0.0.1/analyse_sentiment
2025-11-04 12:02:16.836 | ERROR    | __main__:<module>:33 - Erreur de connexion à l'API : 500 Server Error: Internal Server Error for url: http://127.0.0.1/analyse_sentiment
2025-11-04 12:02:16.836 | ERROR    | __main__:<module>:33 - Erreur de connexion à l'API : 500 Server Error: Internal Server Error for url: http://127.0.0.1/analyse_sentiment
2025-11-04 12:02:16.836 | ERROR    | __main__:<module>:33 - Erreur de connexion à l'API : 500 Server Error: Internal Server Error for url: http://127.0.0.1/analyse_sentiment
2025-11-04 12:02:16.836 | ERROR    | __main__:<module>:33 - Erreur de connexion à l'API : 500 Server Error: Internal Server Error for url: http://127.0.0.1/analyse_sentiment
2025-11-04 12:02:16.836 | ERROR    | __main__:<module>:33 - Erreur de connexion à l'API : 500 Server Error: Internal Server Error for url: http://127.0.0.1/analyse_sentiment
2025-11-04 12:02:16.836 | ERROR    | __main__:<module>:33 - Erreur de connexion à l'API : 500 Server Error: Internal Server Error for url: http://127.0.0.1/analyse_sentiment
2025-11-04 12:02:16.836 | ERROR    | __main__:<module>:33 - Erreur de connexion à l'API : 500 Server Error: Internal Server Error for url: http://127.0.0.1/analyse_sentiment
2025-11-04 12:02:38.704 | DEBUG    | __main__:<module>:9 - L'application Streamlit est en cours de démarrage...
2025-11-04 12:02:38.704 | DEBUG    | __main__:<module>:9 - L'application Streamlit est en cours de démarrage...
2025-11-04 12:02:38.704 | DEBUG    | __main__:<module>:9 - L'application Streamlit est en cours de démarrage...
2025-11-04 12:02:38.704 | DEBUG    | __main__:<module>:9 - L'application Streamlit est en cours de démarrage...
2025-11-04 12:02:38.704 | DEBUG    | __main__:<module>:9 - L'application Streamlit est en cours de démarrage...
2025-11-04 12:02:38.704 | DEBUG    | __main__:<module>:9 - L'application Streamlit est en cours de démarrage...
2025-11-04 12:02:38.704 | DEBUG    | __main__:<module>:9 - L'application Streamlit est en cours de démarrage...
2025-11-04 12:02:38.704 | DEBUG    | __main__:<module>:9 - L'application Streamlit est en cours de démarrage...
2025-11-04 12:02:38.704 | DEBUG    | __main__:<module>:9 - L'application Streamlit est en cours de démarrage...
2025-11-04 12:02:38.704 | DEBUG    | __main__:<module>:9 - L'application Streamlit est en cours de démarrage...
2025-11-04 12:02:38.704 | DEBUG    | __main__:<module>:9 - L'application Streamlit est en cours de démarrage...
2025-11-04 12:02:38.704 | DEBUG    | __main__:<module>:9 - L'application Streamlit est en cours de démarrage...
2025-11-04 12:02:38.704 | DEBUG    | __main__:<module>:9 - L'application Streamlit est en cours de démarrage...
2025-11-04 12:02:38.704 | DEBUG    | __main__:<module>:9 - L'application Streamlit est en cours de démarrage...
2025-11-04 12:02:38.708 | INFO     | __main__:<module>:19 - Texte à analyser: I love kitten
2025-11-04 12:02:38.708 | INFO     | __main__:<module>:19 - Texte à analyser: I love kitten
2025-11-04 12:02:38.708 | INFO     | __main__:<module>:19 - Texte à analyser: I love kitten
2025-11-04 12:02:38.708 | INFO     | __main__:<module>:19 - Texte à analyser: I love kitten
2025-11-04 12:02:38.708 | INFO     | __main__:<module>:19 - Texte à analyser: I love kitten
2025-11-04 12:02:38.708 | INFO     | __main__:<module>:19 - Texte à analyser: I love kitten
2025-11-04 12:02:38.708 | INFO     | __main__:<module>:19 - Texte à analyser: I love kitten
2025-11-04 12:02:38.708 | INFO     | __main__:<module>:19 - Texte à analyser: I love kitten
2025-11-04 12:02:38.708 | INFO     | __main__:<module>:19 - Texte à analyser: I love kitten
2025-11-04 12:02:38.708 | INFO     | __main__:<module>:19 - Texte à analyser: I love kitten
2025-11-04 12:02:38.708 | INFO     | __main__:<module>:19 - Texte à analyser: I love kitten
2025-11-04 12:02:38.708 | INFO     | __main__:<module>:19 - Texte à analyser: I love kitten
2025-11-04 12:02:38.708 | INFO     | __main__:<module>:19 - Texte à analyser: I love kitten
2025-11-04 12:02:38.708 | INFO     | __main__:<module>:19 - Texte à analyser: I love kitten
2025-11-04 13:11:54.204 | DEBUG    | __main__:<module>:9 - L'application Streamlit est en cours de démarrage...
2025-11-04 13:11:54.204 | DEBUG    | __main__:<module>:9 - L'application Streamlit est en cours de démarrage...
2025-11-04 13:11:54.204 | DEBUG    | __main__:<module>:9 - L'application Streamlit est en cours de démarrage...
2025-11-04 13:11:54.204 | DEBUG    | __main__:<module>:9 - L'application Streamlit est en cours de démarrage...
2025-11-04 13:11:54.204 | DEBUG    | __main__:<module>:9 - L'application Streamlit est en cours de démarrage...
2025-11-04 13:11:54.204 | DEBUG    | __main__:<module>:9 - L'application Streamlit est en cours de démarrage...
2025-11-04 13:11:54.204 | DEBUG    | __main__:<module>:9 - L'application Streamlit est en cours de démarrage...
2025-11-04 13:11:54.204 | DEBUG    | __main__:<module>:9 - L'application Streamlit est en cours de démarrage...
2025-11-04 13:11:54.204 | DEBUG    | __main__:<module>:9 - L'application Streamlit est en cours de démarrage...
2025-11-04 13:11:54.204 | DEBUG    | __main__:<module>:9 - L'application Streamlit est en cours de démarrage...
2025-11-04 13:11:54.204 | DEBUG    | __main__:<module>:9 - L'application Streamlit est en cours de démarrage...
2025-11-04 13:11:54.204 | DEBUG    | __main__:<module>:9 - L'application Streamlit est en cours de démarrage...
2025-11-04 13:11:54.204 | DEBUG    | __main__:<module>:9 - L'application Streamlit est en cours de démarrage...
2025-11-04 13:11:54.204 | DEBUG    | __main__:<module>:9 - L'application Streamlit est en cours de démarrage...
2025-11-04 13:11:54.204 | DEBUG    | __main__:<module>:9 - L'application Streamlit est en cours de démarrage...
2025-11-04 13:11:54.223 | INFO     | __main__:<module>:19 - Texte à analyser: I want to sleep
2025-11-04 13:11:54.223 | INFO     | __main__:<module>:19 - Texte à analyser: I want to sleep
2025-11-04 13:11:54.223 | INFO     | __main__:<module>:19 - Texte à analyser: I want to sleep
2025-11-04 13:11:54.223 | INFO     | __main__:<module>:19 - Texte à analyser: I want to sleep
2025-11-04 13:11:54.223 | INFO     | __main__:<module>:19 - Texte à analyser: I want to sleep
2025-11-04 13:11:54.223 | INFO     | __main__:<module>:19 - Texte à analyser: I want to sleep
2025-11-04 13:11:54.223 | INFO     | __main__:<module>:19 - Texte à analyser: I want to sleep
2025-11-04 13:11:54.223 | INFO     | __main__:<module>:19 - Texte à analyser: I want to sleep
2025-11-04 13:11:54.223 | INFO     | __main__:<module>:19 - Texte à analyser: I want to sleep
2025-11-04 13:11:54.223 | INFO     | __main__:<module>:19 - Texte à analyser: I want to sleep
2025-11-04 13:11:54.223 | INFO     | __main__:<module>:19 - Texte à analyser: I want to sleep
2025-11-04 13:11:54.223 | INFO     | __main__:<module>:19 - Texte à analyser: I want to sleep
2025-11-04 13:11:54.223 | INFO     | __main__:<module>:19 - Texte à analyser: I want to sleep
2025-11-04 13:11:54.223 | INFO     | __main__:<module>:19 - Texte à analyser: I want to sleep
2025-11-04 13:11:54.223 | INFO     | __main__:<module>:19 - Texte à analyser: I want to sleep
2025-11-04 13:26:28.964 | DEBUG    | __main__:<module>:9 - L'application Streamlit est en cours de démarrage...
2025-11-04 13:26:28.964 | DEBUG    | __main__:<module>:9 - L'application Streamlit est en cours de démarrage...
2025-11-04 13:26:28.964 | DEBUG    | __main__:<module>:9 - L'application Streamlit est en cours de démarrage...
2025-11-04 13:26:28.964 | DEBUG    | __main__:<module>:9 - L'application Streamlit est en cours de démarrage...
2025-11-04 13:26:28.964 | DEBUG    | __main__:<module>:9 - L'application Streamlit est en cours de démarrage...
2025-11-04 13:26:28.964 | DEBUG    | __main__:<module>:9 - L'application Streamlit est en cours de démarrage...
2025-11-04 13:26:28.964 | DEBUG    | __main__:<module>:9 - L'application Streamlit est en cours de démarrage...
2025-11-04 13:26:28.964 | DEBUG    | __main__:<module>:9 - L'application Streamlit est en cours de démarrage...
2025-11-04 13:26:28.964 | DEBUG    | __main__:<module>:9 - L'application Streamlit est en cours de démarrage...
2025-11-04 13:26:28.964 | DEBUG    | __main__:<module>:9 - L'application Streamlit est en cours de démarrage...
2025-11-04 13:26:28.964 | DEBUG    | __main__:<module>:9 - L'application Streamlit est en cours de démarrage...
2025-11-04 13:26:28.964 | DEBUG    | __main__:<module>:9 - L'application Streamlit est en cours de démarrage...
2025-11-04 13:26:28.964 | DEBUG    | __main__:<module>:9 - L'application Streamlit est en cours de démarrage...
2025-11-04 13:26:28.964 | DEBUG    | __main__:<module>:9 - L'application Streamlit est en cours de démarrage...
2025-11-04 13:26:28.964 | DEBUG    | __main__:<module>:9 - L'application Streamlit est en cours de démarrage...
2025-11-04 13:26:28.964 | DEBUG    | __main__:<module>:9 - L'application Streamlit est en cours de démarrage...
2025-11-04 13:26:29.917 | DEBUG    | __main__:<module>:9 - L'application Streamlit est en cours de démarrage...
2025-11-04 13:26:29.917 | DEBUG    | __main__:<module>:9 - L'application Streamlit est en cours de démarrage...
2025-11-04 13:26:29.917 | DEBUG    | __main__:<module>:9 - L'application Streamlit est en cours de démarrage...
2025-11-04 13:26:29.917 | DEBUG    | __main__:<module>:9 - L'application Streamlit est en cours de démarrage...
2025-11-04 13:26:29.917 | DEBUG    | __main__:<module>:9 - L'application Streamlit est en cours de démarrage...
2025-11-04 13:26:29.917 | DEBUG    | __main__:<module>:9 - L'application Streamlit est en cours de démarrage...
2025-11-04 13:26:29.917 | DEBUG    | __main__:<module>:9 - L'application Streamlit est en cours de démarrage...
2025-11-04 13:26:29.917 | DEBUG    | __main__:<module>:9 - L'application Streamlit est en cours de démarrage...
2025-11-04 13:26:29.917 | DEBUG    | __main__:<module>:9 - L'application Streamlit est en cours de démarrage...
2025-11-04 13:26:29.917 | DEBUG    | __main__:<module>:9 - L'application Streamlit est en cours de démarrage...
2025-11-04 13:26:29.917 | DEBUG    | __main__:<module>:9 - L'application Streamlit est en cours de démarrage...
2025-11-04 13:26:29.917 | DEBUG    | __main__:<module>:9 - L'application Streamlit est en cours de démarrage...
2025-11-04 13:26:29.917 | DEBUG    | __main__:<module>:9 - L'application Streamlit est en cours de démarrage...
2025-11-04 13:26:29.917 | DEBUG    | __main__:<module>:9 - L'application Streamlit est en cours de démarrage...
2025-11-04 13:26:29.917 | DEBUG    | __main__:<module>:9 - L'application Streamlit est en cours de démarrage...
2025-11-04 13:26:29.917 | DEBUG    | __main__:<module>:9 - L'application Streamlit est en cours de démarrage...
2025-11-04 13:26:29.917 | DEBUG    | __main__:<module>:9 - L'application Streamlit est en cours de démarrage...
2025-11-04 13:26:29.922 | INFO     | __main__:<module>:19 - Texte à analyser: I want to sleep
2025-11-04 13:26:29.922 | INFO     | __main__:<module>:19 - Texte à analyser: I want to sleep
2025-11-04 13:26:29.922 | INFO     | __main__:<module>:19 - Texte à analyser: I want to sleep
2025-11-04 13:26:29.922 | INFO     | __main__:<module>:19 - Texte à analyser: I want to sleep
2025-11-04 13:26:29.922 | INFO     | __main__:<module>:19 - Texte à analyser: I want to sleep
2025-11-04 13:26:29.922 | INFO     | __main__:<module>:19 - Texte à analyser: I want to sleep
2025-11-04 13:26:29.922 | INFO     | __main__:<module>:19 - Texte à analyser: I want to sleep
2025-11-04 13:26:29.922 | INFO     | __main__:<module>:19 - Texte à analyser: I want to sleep
2025-11-04 13:26:29.922 | INFO     | __main__:<module>:19 - Texte à analyser: I want to sleep
2025-11-04 13:26:29.922 | INFO     | __main__:<module>:19 - Texte à analyser: I want to sleep
2025-11-04 13:26:29.922 | INFO     | __main__:<module>:19 - Texte à analyser: I want to sleep
2025-11-04 13:26:29.922 | INFO     | __main__:<module>:19 - Texte à analyser: I want to sleep
2025-11-04 13:26:29.922 | INFO     | __main__:<module>:19 - Texte à analyser: I want to sleep
2025-11-04 13:26:29.922 | INFO     | __main__:<module>:19 - Texte à analyser: I want to sleep
2025-11-04 13:26:29.922 | INFO     | __main__:<module>:19 - Texte à analyser: I want to sleep
2025-11-04 13:26:29.922 | INFO     | __main__:<module>:19 - Texte à analyser: I want to sleep
2025-11-04 13:26:29.922 | INFO     | __main__:<module>:19 - Texte à analyser: I want to sleep
2025-11-04 13:27:20.721 | DEBUG    | __main__:<module>:9 - L'application Streamlit est en cours de démarrage...
2025-11-04 13:27:20.721 | DEBUG    | __main__:<module>:9 - L'application Streamlit est en cours de démarrage...
2025-11-04 13:27:20.721 | DEBUG    | __main__:<module>:9 - L'application Streamlit est en cours de démarrage...
2025-11-04 13:27:20.721 | DEBUG    | __main__:<module>:9 - L'application Streamlit est en cours de démarrage...
2025-11-04 13:27:20.721 | DEBUG    | __main__:<module>:9 - L'application Streamlit est en cours de démarrage...
2025-11-04 13:27:20.721 | DEBUG    | __main__:<module>:9 - L'application Streamlit est en cours de démarrage...
2025-11-04 13:27:20.721 | DEBUG    | __main__:<module>:9 - L'application Streamlit est en cours de démarrage...
2025-11-04 13:27:20.721 | DEBUG    | __main__:<module>:9 - L'application Streamlit est en cours de démarrage...
2025-11-04 13:27:20.721 | DEBUG    | __main__:<module>:9 - L'application Streamlit est en cours de démarrage...
2025-11-04 13:27:20.721 | DEBUG    | __main__:<module>:9 - L'application Streamlit est en cours de démarrage...
2025-11-04 13:27:20.721 | DEBUG    | __main__:<module>:9 - L'application Streamlit est en cours de démarrage...
2025-11-04 13:27:20.721 | DEBUG    | __main__:<module>:9 - L'application Streamlit est en cours de démarrage...
2025-11-04 13:27:20.721 | DEBUG    | __main__:<module>:9 - L'application Streamlit est en cours de démarrage...
2025-11-04 13:27:20.721 | DEBUG    | __main__:<module>:9 - L'application Streamlit est en cours de démarrage...
2025-11-04 13:27:20.721 | DEBUG    | __main__:<module>:9 - L'application Streamlit est en cours de démarrage...
2025-11-04 13:27:20.721 | DEBUG    | __main__:<module>:9 - L'application Streamlit est en cours de démarrage...
2025-11-04 13:27:20.721 | DEBUG    | __main__:<module>:9 - L'application Streamlit est en cours de démarrage...
2025-11-04 13:27:20.721 | DEBUG    | __main__:<module>:9 - L'application Streamlit est en cours de démarrage...
2025-11-04 13:27:20.725 | INFO     | __main__:<module>:19 - Texte à analyser: I want to sleep
2025-11-04 13:27:20.725 | INFO     | __main__:<module>:19 - Texte à analyser: I want to sleep
2025-11-04 13:27:20.725 | INFO     | __main__:<module>:19 - Texte à analyser: I want to sleep
2025-11-04 13:27:20.725 | INFO     | __main__:<module>:19 - Texte à analyser: I want to sleep
2025-11-04 13:27:20.725 | INFO     | __main__:<module>:19 - Texte à analyser: I want to sleep
2025-11-04 13:27:20.725 | INFO     | __main__:<module>:19 - Texte à analyser: I want to sleep
2025-11-04 13:27:20.725 | INFO     | __main__:<module>:19 - Texte à analyser: I want to sleep
2025-11-04 13:27:20.725 | INFO     | __main__:<module>:19 - Texte à analyser: I want to sleep
2025-11-04 13:27:20.725 | INFO     | __main__:<module>:19 - Texte à analyser: I want to sleep
2025-11-04 13:27:20.725 | INFO     | __main__:<module>:19 - Texte à analyser: I want to sleep
2025-11-04 13:27:20.725 | INFO     | __main__:<module>:19 - Texte à analyser: I want to sleep
2025-11-04 13:27:20.725 | INFO     | __main__:<module>:19 - Texte à analyser: I want to sleep
2025-11-04 13:27:20.725 | INFO     | __main__:<module>:19 - Texte à analyser: I want to sleep
2025-11-04 13:27:20.725 | INFO     | __main__:<module>:19 - Texte à analyser: I want to sleep
2025-11-04 13:27:20.725 | INFO     | __main__:<module>:19 - Texte à analyser: I want to sleep
2025-11-04 13:27:20.725 | INFO     | __main__:<module>:19 - Texte à analyser: I want to sleep
2025-11-04 13:27:20.725 | INFO     | __main__:<module>:19 - Texte à analyser: I want to sleep
2025-11-04 13:27:20.725 | INFO     | __main__:<module>:19 - Texte à analyser: I want to sleep
2025-11-04 13:27:47.230 | DEBUG    | __main__:<module>:9 - L'application Streamlit est en cours de démarrage...
2025-11-04 13:27:47.230 | DEBUG    | __main__:<module>:9 - L'application Streamlit est en cours de démarrage...
2025-11-04 13:27:47.230 | DEBUG    | __main__:<module>:9 - L'application Streamlit est en cours de démarrage...
2025-11-04 13:27:47.230 | DEBUG    | __main__:<module>:9 - L'application Streamlit est en cours de démarrage...
2025-11-04 13:27:47.230 | DEBUG    | __main__:<module>:9 - L'application Streamlit est en cours de démarrage...
2025-11-04 13:27:47.230 | DEBUG    | __main__:<module>:9 - L'application Streamlit est en cours de démarrage...
2025-11-04 13:27:47.230 | DEBUG    | __main__:<module>:9 - L'application Streamlit est en cours de démarrage...
2025-11-04 13:27:47.230 | DEBUG    | __main__:<module>:9 - L'application Streamlit est en cours de démarrage...
2025-11-04 13:27:47.230 | DEBUG    | __main__:<module>:9 - L'application Streamlit est en cours de démarrage...
2025-11-04 13:27:47.230 | DEBUG    | __main__:<module>:9 - L'application Streamlit est en cours de démarrage...
2025-11-04 13:27:47.230 | DEBUG    | __main__:<module>:9 - L'application Streamlit est en cours de démarrage...
2025-11-04 13:27:47.230 | DEBUG    | __main__:<module>:9 - L'application Streamlit est en cours de démarrage...
2025-11-04 13:27:47.230 | DEBUG    | __main__:<module>:9 - L'application Streamlit est en cours de démarrage...
2025-11-04 13:27:47.230 | DEBUG    | __main__:<module>:9 - L'application Streamlit est en cours de démarrage...
2025-11-04 13:27:47.230 | DEBUG    | __main__:<module>:9 - L'application Streamlit est en cours de démarrage...
2025-11-04 13:27:47.230 | DEBUG    | __main__:<module>:9 - L'application Streamlit est en cours de démarrage...
2025-11-04 13:27:47.230 | DEBUG    | __main__:<module>:9 - L'application Streamlit est en cours de démarrage...
2025-11-04 13:27:47.230 | DEBUG    | __main__:<module>:9 - L'application Streamlit est en cours de démarrage...
2025-11-04 13:27:47.230 | DEBUG    | __main__:<module>:9 - L'application Streamlit est en cours de démarrage...
2025-11-04 13:27:47.233 | INFO     | __main__:<module>:19 - Texte à analyser: I'm happy
2025-11-04 13:27:47.233 | INFO     | __main__:<module>:19 - Texte à analyser: I'm happy
2025-11-04 13:27:47.233 | INFO     | __main__:<module>:19 - Texte à analyser: I'm happy
2025-11-04 13:27:47.233 | INFO     | __main__:<module>:19 - Texte à analyser: I'm happy
2025-11-04 13:27:47.233 | INFO     | __main__:<module>:19 - Texte à analyser: I'm happy
2025-11-04 13:27:47.233 | INFO     | __main__:<module>:19 - Texte à analyser: I'm happy
2025-11-04 13:27:47.233 | INFO     | __main__:<module>:19 - Texte à analyser: I'm happy
2025-11-04 13:27:47.233 | INFO     | __main__:<module>:19 - Texte à analyser: I'm happy
2025-11-04 13:27:47.233 | INFO     | __main__:<module>:19 - Texte à analyser: I'm happy
2025-11-04 13:27:47.233 | INFO     | __main__:<module>:19 - Texte à analyser: I'm happy
2025-11-04 13:27:47.233 | INFO     | __main__:<module>:19 - Texte à analyser: I'm happy
2025-11-04 13:27:47.233 | INFO     | __main__:<module>:19 - Texte à analyser: I'm happy
2025-11-04 13:27:47.233 | INFO     | __main__:<module>:19 - Texte à analyser: I'm happy
2025-11-04 13:27:47.233 | INFO     | __main__:<module>:19 - Texte à analyser: I'm happy
2025-11-04 13:27:47.233 | INFO     | __main__:<module>:19 - Texte à analyser: I'm happy
2025-11-04 13:27:47.233 | INFO     | __main__:<module>:19 - Texte à analyser: I'm happy
2025-11-04 13:27:47.233 | INFO     | __main__:<module>:19 - Texte à analyser: I'm happy
2025-11-04 13:27:47.233 | INFO     | __main__:<module>:19 - Texte à analyser: I'm happy
2025-11-04 13:27:47.233 | INFO     | __main__:<module>:19 - Texte à analyser: I'm happy
2025-11-04 13:27:50.514 | DEBUG    | __main__:<module>:9 - L'application Streamlit est en cours de démarrage...
2025-11-04 13:27:50.514 | DEBUG    | __main__:<module>:9 - L'application Streamlit est en cours de démarrage...
2025-11-04 13:27:50.514 | DEBUG    | __main__:<module>:9 - L'application Streamlit est en cours de démarrage...
2025-11-04 13:27:50.514 | DEBUG    | __main__:<module>:9 - L'application Streamlit est en cours de démarrage...
2025-11-04 13:27:50.514 | DEBUG    | __main__:<module>:9 - L'application Streamlit est en cours de démarrage...
2025-11-04 13:27:50.514 | DEBUG    | __main__:<module>:9 - L'application Streamlit est en cours de démarrage...
2025-11-04 13:27:50.514 | DEBUG    | __main__:<module>:9 - L'application Streamlit est en cours de démarrage...
2025-11-04 13:27:50.514 | DEBUG    | __main__:<module>:9 - L'application Streamlit est en cours de démarrage...
2025-11-04 13:27:50.514 | DEBUG    | __main__:<module>:9 - L'application Streamlit est en cours de démarrage...
2025-11-04 13:27:50.514 | DEBUG    | __main__:<module>:9 - L'application Streamlit est en cours de démarrage...
2025-11-04 13:27:50.514 | DEBUG    | __main__:<module>:9 - L'application Streamlit est en cours de démarrage...
2025-11-04 13:27:50.514 | DEBUG    | __main__:<module>:9 - L'application Streamlit est en cours de démarrage...
2025-11-04 13:27:50.514 | DEBUG    | __main__:<module>:9 - L'application Streamlit est en cours de démarrage...
2025-11-04 13:27:50.514 | DEBUG    | __main__:<module>:9 - L'application Streamlit est en cours de démarrage...
2025-11-04 13:27:50.514 | DEBUG    | __main__:<module>:9 - L'application Streamlit est en cours de démarrage...
2025-11-04 13:27:50.514 | DEBUG    | __main__:<module>:9 - L'application Streamlit est en cours de démarrage...
2025-11-04 13:27:50.514 | DEBUG    | __main__:<module>:9 - L'application Streamlit est en cours de démarrage...
2025-11-04 13:27:50.514 | DEBUG    | __main__:<module>:9 - L'application Streamlit est en cours de démarrage...
2025-11-04 13:27:50.514 | DEBUG    | __main__:<module>:9 - L'application Streamlit est en cours de démarrage...
2025-11-04 13:27:50.514 | DEBUG    | __main__:<module>:9 - L'application Streamlit est en cours de démarrage...
2025-11-04 13:27:50.519 | INFO     | __main__:<module>:19 - Texte à analyser: I'm sad
2025-11-04 13:27:50.519 | INFO     | __main__:<module>:19 - Texte à analyser: I'm sad
2025-11-04 13:27:50.519 | INFO     | __main__:<module>:19 - Texte à analyser: I'm sad
2025-11-04 13:27:50.519 | INFO     | __main__:<module>:19 - Texte à analyser: I'm sad
2025-11-04 13:27:50.519 | INFO     | __main__:<module>:19 - Texte à analyser: I'm sad
2025-11-04 13:27:50.519 | INFO     | __main__:<module>:19 - Texte à analyser: I'm sad
2025-11-04 13:27:50.519 | INFO     | __main__:<module>:19 - Texte à analyser: I'm sad
2025-11-04 13:27:50.519 | INFO     | __main__:<module>:19 - Texte à analyser: I'm sad
2025-11-04 13:27:50.519 | INFO     | __main__:<module>:19 - Texte à analyser: I'm sad
2025-11-04 13:27:50.519 | INFO     | __main__:<module>:19 - Texte à analyser: I'm sad
2025-11-04 13:27:50.519 | INFO     | __main__:<module>:19 - Texte à analyser: I'm sad
2025-11-04 13:27:50.519 | INFO     | __main__:<module>:19 - Texte à analyser: I'm sad
2025-11-04 13:27:50.519 | INFO     | __main__:<module>:19 - Texte à analyser: I'm sad
2025-11-04 13:27:50.519 | INFO     | __main__:<module>:19 - Texte à analyser: I'm sad
2025-11-04 13:27:50.519 | INFO     | __main__:<module>:19 - Texte à analyser: I'm sad
2025-11-04 13:27:50.519 | INFO     | __main__:<module>:19 - Texte à analyser: I'm sad
2025-11-04 13:27:50.519 | INFO     | __main__:<module>:19 - Texte à analyser: I'm sad
2025-11-04 13:27:50.519 | INFO     | __main__:<module>:19 - Texte à analyser: I'm sad
2025-11-04 13:27:50.519 | INFO     | __main__:<module>:19 - Texte à analyser: I'm sad
2025-11-04 13:27:50.519 | INFO     | __main__:<module>:19 - Texte à analyser: I'm sad
2025-11-04 13:27:56.014 | DEBUG    | __main__:<module>:9 - L'application Streamlit est en cours de démarrage...
2025-11-04 13:27:56.014 | DEBUG    | __main__:<module>:9 - L'application Streamlit est en cours de démarrage...
2025-11-04 13:27:56.014 | DEBUG    | __main__:<module>:9 - L'application Streamlit est en cours de démarrage...
2025-11-04 13:27:56.014 | DEBUG    | __main__:<module>:9 - L'application Streamlit est en cours de démarrage...
2025-11-04 13:27:56.014 | DEBUG    | __main__:<module>:9 - L'application Streamlit est en cours de démarrage...
2025-11-04 13:27:56.014 | DEBUG    | __main__:<module>:9 - L'application Streamlit est en cours de démarrage...
2025-11-04 13:27:56.014 | DEBUG    | __main__:<module>:9 - L'application Streamlit est en cours de démarrage...
2025-11-04 13:27:56.014 | DEBUG    | __main__:<module>:9 - L'application Streamlit est en cours de démarrage...
2025-11-04 13:27:56.014 | DEBUG    | __main__:<module>:9 - L'application Streamlit est en cours de démarrage...
2025-11-04 13:27:56.014 | DEBUG    | __main__:<module>:9 - L'application Streamlit est en cours de démarrage...
2025-11-04 13:27:56.014 | DEBUG    | __main__:<module>:9 - L'application Streamlit est en cours de démarrage...
2025-11-04 13:27:56.014 | DEBUG    | __main__:<module>:9 - L'application Streamlit est en cours de démarrage...
2025-11-04 13:27:56.014 | DEBUG    | __main__:<module>:9 - L'application Streamlit est en cours de démarrage...
2025-11-04 13:27:56.014 | DEBUG    | __main__:<module>:9 - L'application Streamlit est en cours de démarrage...
2025-11-04 13:27:56.014 | DEBUG    | __main__:<module>:9 - L'application Streamlit est en cours de démarrage...
2025-11-04 13:27:56.014 | DEBUG    | __main__:<module>:9 - L'application Streamlit est en cours de démarrage...
2025-11-04 13:27:56.014 | DEBUG    | __main__:<module>:9 - L'application Streamlit est en cours de démarrage...
2025-11-04 13:27:56.014 | DEBUG    | __main__:<module>:9 - L'application Streamlit est en cours de démarrage...
2025-11-04 13:27:56.014 | DEBUG    | __main__:<module>:9 - L'application Streamlit est en cours de démarrage...
2025-11-04 13:27:56.014 | DEBUG    | __main__:<module>:9 - L'application Streamlit est en cours de démarrage...
2025-11-04 13:27:56.014 | DEBUG    | __main__:<module>:9 - L'application Streamlit est en cours de démarrage...
2025-11-04 13:27:56.018 | INFO     | __main__:<module>:19 - Texte à analyser: I'm neither
2025-11-04 13:27:56.018 | INFO     | __main__:<module>:19 - Texte à analyser: I'm neither
2025-11-04 13:27:56.018 | INFO     | __main__:<module>:19 - Texte à analyser: I'm neither
2025-11-04 13:27:56.018 | INFO     | __main__:<module>:19 - Texte à analyser: I'm neither
2025-11-04 13:27:56.018 | INFO     | __main__:<module>:19 - Texte à analyser: I'm neither
2025-11-04 13:27:56.018 | INFO     | __main__:<module>:19 - Texte à analyser: I'm neither
2025-11-04 13:27:56.018 | INFO     | __main__:<module>:19 - Texte à analyser: I'm neither
2025-11-04 13:27:56.018 | INFO     | __main__:<module>:19 - Texte à analyser: I'm neither
2025-11-04 13:27:56.018 | INFO     | __main__:<module>:19 - Texte à analyser: I'm neither
2025-11-04 13:27:56.018 | INFO     | __main__:<module>:19 - Texte à analyser: I'm neither
2025-11-04 13:27:56.018 | INFO     | __main__:<module>:19 - Texte à analyser: I'm neither
2025-11-04 13:27:56.018 | INFO     | __main__:<module>:19 - Texte à analyser: I'm neither
2025-11-04 13:27:56.018 | INFO     | __main__:<module>:19 - Texte à analyser: I'm neither
2025-11-04 13:27:56.018 | INFO     | __main__:<module>:19 - Texte à analyser: I'm neither
2025-11-04 13:27:56.018 | INFO     | __main__:<module>:19 - Texte à analyser: I'm neither
2025-11-04 13:27:56.018 | INFO     | __main__:<module>:19 - Texte à analyser: I'm neither
2025-11-04 13:27:56.018 | INFO     | __main__:<module>:19 - Texte à analyser: I'm neither
2025-11-04 13:27:56.018 | INFO     | __main__:<module>:19 - Texte à analyser: I'm neither
2025-11-04 13:27:56.018 | INFO     | __main__:<module>:19 - Texte à analyser: I'm neither
2025-11-04 13:27:56.018 | INFO     | __main__:<module>:19 - Texte à analyser: I'm neither
2025-11-04 13:27:56.018 | INFO     | __main__:<module>:19 - Texte à analyser: I'm neither
2025-11-04 13:33:26.620 | DEBUG    | __main__:<module>:9 - L'application Streamlit est en cours de démarrage...
2025-11-04 13:33:26.620 | DEBUG    | __main__:<module>:9 - L'application Streamlit est en cours de démarrage...
2025-11-04 13:33:26.620 | DEBUG    | __main__:<module>:9 - L'application Streamlit est en cours de démarrage...
2025-11-04 13:33:26.620 | DEBUG    | __main__:<module>:9 - L'application Streamlit est en cours de démarrage...
2025-11-04 13:33:26.620 | DEBUG    | __main__:<module>:9 - L'application Streamlit est en cours de démarrage...
2025-11-04 13:33:26.620 | DEBUG    | __main__:<module>:9 - L'application Streamlit est en cours de démarrage...
2025-11-04 13:33:26.620 | DEBUG    | __main__:<module>:9 - L'application Streamlit est en cours de démarrage...
2025-11-04 13:33:26.620 | DEBUG    | __main__:<module>:9 - L'application Streamlit est en cours de démarrage...
2025-11-04 13:33:26.620 | DEBUG    | __main__:<module>:9 - L'application Streamlit est en cours de démarrage...
2025-11-04 13:33:26.620 | DEBUG    | __main__:<module>:9 - L'application Streamlit est en cours de démarrage...
2025-11-04 13:33:26.620 | DEBUG    | __main__:<module>:9 - L'application Streamlit est en cours de démarrage...
2025-11-04 13:33:26.620 | DEBUG    | __main__:<module>:9 - L'application Streamlit est en cours de démarrage...
2025-11-04 13:33:26.620 | DEBUG    | __main__:<module>:9 - L'application Streamlit est en cours de démarrage...
2025-11-04 13:33:26.620 | DEBUG    | __main__:<module>:9 - L'application Streamlit est en cours de démarrage...
2025-11-04 13:33:26.620 | DEBUG    | __main__:<module>:9 - L'application Streamlit est en cours de démarrage...
2025-11-04 13:33:26.620 | DEBUG    | __main__:<module>:9 - L'application Streamlit est en cours de démarrage...
2025-11-04 13:33:26.620 | DEBUG    | __main__:<module>:9 - L'application Streamlit est en cours de démarrage...
2025-11-04 13:33:26.620 | DEBUG    | __main__:<module>:9 - L'application Streamlit est en cours de démarrage...
2025-11-04 13:33:26.620 | DEBUG    | __main__:<module>:9 - L'application Streamlit est en cours de démarrage...
2025-11-04 13:33:26.620 | DEBUG    | __main__:<module>:9 - L'application Streamlit est en cours de démarrage...
2025-11-04 13:33:26.620 | DEBUG    | __main__:<module>:9 - L'application Streamlit est en cours de démarrage...
2025-11-04 13:33:26.620 | DEBUG    | __main__:<module>:9 - L'application Streamlit est en cours de démarrage...
2025-11-04 13:33:26.645 | INFO     | __main__:<module>:19 - Texte à analyser: I'm neither
2025-11-04 13:33:26.645 | INFO     | __main__:<module>:19 - Texte à analyser: I'm neither
2025-11-04 13:33:26.645 | INFO     | __main__:<module>:19 - Texte à analyser: I'm neither
2025-11-04 13:33:26.645 | INFO     | __main__:<module>:19 - Texte à analyser: I'm neither
2025-11-04 13:33:26.645 | INFO     | __main__:<module>:19 - Texte à analyser: I'm neither
2025-11-04 13:33:26.645 | INFO     | __main__:<module>:19 - Texte à analyser: I'm neither
2025-11-04 13:33:26.645 | INFO     | __main__:<module>:19 - Texte à analyser: I'm neither
2025-11-04 13:33:26.645 | INFO     | __main__:<module>:19 - Texte à analyser: I'm neither
2025-11-04 13:33:26.645 | INFO     | __main__:<module>:19 - Texte à analyser: I'm neither
2025-11-04 13:33:26.645 | INFO     | __main__:<module>:19 - Texte à analyser: I'm neither
2025-11-04 13:33:26.645 | INFO     | __main__:<module>:19 - Texte à analyser: I'm neither
2025-11-04 13:33:26.645 | INFO     | __main__:<module>:19 - Texte à analyser: I'm neither
2025-11-04 13:33:26.645 | INFO     | __main__:<module>:19 - Texte à analyser: I'm neither
2025-11-04 13:33:26.645 | INFO     | __main__:<module>:19 - Texte à analyser: I'm neither
2025-11-04 13:33:26.645 | INFO     | __main__:<module>:19 - Texte à analyser: I'm neither
2025-11-04 13:33:26.645 | INFO     | __main__:<module>:19 - Texte à analyser: I'm neither
2025-11-04 13:33:26.645 | INFO     | __main__:<module>:19 - Texte à analyser: I'm neither
2025-11-04 13:33:26.645 | INFO     | __main__:<module>:19 - Texte à analyser: I'm neither
2025-11-04 13:33:26.645 | INFO     | __main__:<module>:19 - Texte à analyser: I'm neither
2025-11-04 13:33:26.645 | INFO     | __main__:<module>:19 - Texte à analyser: I'm neither
2025-11-04 13:33:26.645 | INFO     | __main__:<module>:19 - Texte à analyser: I'm neither
2025-11-04 13:33:26.645 | INFO     | __main__:<module>:19 - Texte à analyser: I'm neither
2025-11-04 13:33:29.207 | DEBUG    | __main__:<module>:9 - L'application Streamlit est en cours de démarrage...
2025-11-04 13:33:29.207 | DEBUG    | __main__:<module>:9 - L'application Streamlit est en cours de démarrage...
2025-11-04 13:33:29.207 | DEBUG    | __main__:<module>:9 - L'application Streamlit est en cours de démarrage...
2025-11-04 13:33:29.207 | DEBUG    | __main__:<module>:9 - L'application Streamlit est en cours de démarrage...
2025-11-04 13:33:29.207 | DEBUG    | __main__:<module>:9 - L'application Streamlit est en cours de démarrage...
2025-11-04 13:33:29.207 | DEBUG    | __main__:<module>:9 - L'application Streamlit est en cours de démarrage...
2025-11-04 13:33:29.207 | DEBUG    | __main__:<module>:9 - L'application Streamlit est en cours de démarrage...
2025-11-04 13:33:29.207 | DEBUG    | __main__:<module>:9 - L'application Streamlit est en cours de démarrage...
2025-11-04 13:33:29.207 | DEBUG    | __main__:<module>:9 - L'application Streamlit est en cours de démarrage...
2025-11-04 13:33:29.207 | DEBUG    | __main__:<module>:9 - L'application Streamlit est en cours de démarrage...
2025-11-04 13:33:29.207 | DEBUG    | __main__:<module>:9 - L'application Streamlit est en cours de démarrage...
2025-11-04 13:33:29.207 | DEBUG    | __main__:<module>:9 - L'application Streamlit est en cours de démarrage...
2025-11-04 13:33:29.207 | DEBUG    | __main__:<module>:9 - L'application Streamlit est en cours de démarrage...
2025-11-04 13:33:29.207 | DEBUG    | __main__:<module>:9 - L'application Streamlit est en cours de démarrage...
2025-11-04 13:33:29.207 | DEBUG    | __main__:<module>:9 - L'application Streamlit est en cours de démarrage...
2025-11-04 13:33:29.207 | DEBUG    | __main__:<module>:9 - L'application Streamlit est en cours de démarrage...
2025-11-04 13:33:29.207 | DEBUG    | __main__:<module>:9 - L'application Streamlit est en cours de démarrage...
2025-11-04 13:33:29.207 | DEBUG    | __main__:<module>:9 - L'application Streamlit est en cours de démarrage...
2025-11-04 13:33:29.207 | DEBUG    | __main__:<module>:9 - L'application Streamlit est en cours de démarrage...
2025-11-04 13:33:29.207 | DEBUG    | __main__:<module>:9 - L'application Streamlit est en cours de démarrage...
2025-11-04 13:33:29.207 | DEBUG    | __main__:<module>:9 - L'application Streamlit est en cours de démarrage...
2025-11-04 13:33:29.207 | DEBUG    | __main__:<module>:9 - L'application Streamlit est en cours de démarrage...
2025-11-04 13:33:29.207 | DEBUG    | __main__:<module>:9 - L'application Streamlit est en cours de démarrage...
2025-11-04 13:33:35.514 | DEBUG    | __main__:<module>:9 - L'application Streamlit est en cours de démarrage...
2025-11-04 13:33:35.514 | DEBUG    | __main__:<module>:9 - L'application Streamlit est en cours de démarrage...
2025-11-04 13:33:35.514 | DEBUG    | __main__:<module>:9 - L'application Streamlit est en cours de démarrage...
2025-11-04 13:33:35.514 | DEBUG    | __main__:<module>:9 - L'application Streamlit est en cours de démarrage...
2025-11-04 13:33:35.514 | DEBUG    | __main__:<module>:9 - L'application Streamlit est en cours de démarrage...
2025-11-04 13:33:35.514 | DEBUG    | __main__:<module>:9 - L'application Streamlit est en cours de démarrage...
2025-11-04 13:33:35.514 | DEBUG    | __main__:<module>:9 - L'application Streamlit est en cours de démarrage...
2025-11-04 13:33:35.514 | DEBUG    | __main__:<module>:9 - L'application Streamlit est en cours de démarrage...
2025-11-04 13:33:35.514 | DEBUG    | __main__:<module>:9 - L'application Streamlit est en cours de démarrage...
2025-11-04 13:33:35.514 | DEBUG    | __main__:<module>:9 - L'application Streamlit est en cours de démarrage...
2025-11-04 13:33:35.514 | DEBUG    | __main__:<module>:9 - L'application Streamlit est en cours de démarrage...
2025-11-04 13:33:35.514 | DEBUG    | __main__:<module>:9 - L'application Streamlit est en cours de démarrage...
2025-11-04 13:33:35.514 | DEBUG    | __main__:<module>:9 - L'application Streamlit est en cours de démarrage...
2025-11-04 13:33:35.514 | DEBUG    | __main__:<module>:9 - L'application Streamlit est en cours de démarrage...
2025-11-04 13:33:35.514 | DEBUG    | __main__:<module>:9 - L'application Streamlit est en cours de démarrage...
2025-11-04 13:33:35.514 | DEBUG    | __main__:<module>:9 - L'application Streamlit est en cours de démarrage...
2025-11-04 13:33:35.514 | DEBUG    | __main__:<module>:9 - L'application Streamlit est en cours de démarrage...
2025-11-04 13:33:35.514 | DEBUG    | __main__:<module>:9 - L'application Streamlit est en cours de démarrage...
2025-11-04 13:33:35.514 | DEBUG    | __main__:<module>:9 - L'application Streamlit est en cours de démarrage...
2025-11-04 13:33:35.514 | DEBUG    | __main__:<module>:9 - L'application Streamlit est en cours de démarrage...
2025-11-04 13:33:35.514 | DEBUG    | __main__:<module>:9 - L'application Streamlit est en cours de démarrage...
2025-11-04 13:33:35.514 | DEBUG    | __main__:<module>:9 - L'application Streamlit est en cours de démarrage...
2025-11-04 13:33:35.514 | DEBUG    | __main__:<module>:9 - L'application Streamlit est en cours de démarrage...
2025-11-04 13:33:35.514 | DEBUG    | __main__:<module>:9 - L'application Streamlit est en cours de démarrage...
2025-11-04 13:33:35.537 | INFO     | __main__:<module>:19 - Texte à analyser: I'm happy
2025-11-04 13:33:35.537 | INFO     | __main__:<module>:19 - Texte à analyser: I'm happy
2025-11-04 13:33:35.537 | INFO     | __main__:<module>:19 - Texte à analyser: I'm happy
2025-11-04 13:33:35.537 | INFO     | __main__:<module>:19 - Texte à analyser: I'm happy
2025-11-04 13:33:35.537 | INFO     | __main__:<module>:19 - Texte à analyser: I'm happy
2025-11-04 13:33:35.537 | INFO     | __main__:<module>:19 - Texte à analyser: I'm happy
2025-11-04 13:33:35.537 | INFO     | __main__:<module>:19 - Texte à analyser: I'm happy
2025-11-04 13:33:35.537 | INFO     | __main__:<module>:19 - Texte à analyser: I'm happy
2025-11-04 13:33:35.537 | INFO     | __main__:<module>:19 - Texte à analyser: I'm happy
2025-11-04 13:33:35.537 | INFO     | __main__:<module>:19 - Texte à analyser: I'm happy
2025-11-04 13:33:35.537 | INFO     | __main__:<module>:19 - Texte à analyser: I'm happy
2025-11-04 13:33:35.537 | INFO     | __main__:<module>:19 - Texte à analyser: I'm happy
2025-11-04 13:33:35.537 | INFO     | __main__:<module>:19 - Texte à analyser: I'm happy
2025-11-04 13:33:35.537 | INFO     | __main__:<module>:19 - Texte à analyser: I'm happy
2025-11-04 13:33:35.537 | INFO     | __main__:<module>:19 - Texte à analyser: I'm happy
2025-11-04 13:33:35.537 | INFO     | __main__:<module>:19 - Texte à analyser: I'm happy
2025-11-04 13:33:35.537 | INFO     | __main__:<module>:19 - Texte à analyser: I'm happy
2025-11-04 13:33:35.537 | INFO     | __main__:<module>:19 - Texte à analyser: I'm happy
2025-11-04 13:33:35.537 | INFO     | __main__:<module>:19 - Texte à analyser: I'm happy
2025-11-04 13:33:35.537 | INFO     | __main__:<module>:19 - Texte à analyser: I'm happy
2025-11-04 13:33:35.537 | INFO     | __main__:<module>:19 - Texte à analyser: I'm happy
2025-11-04 13:33:35.537 | INFO     | __main__:<module>:19 - Texte à analyser: I'm happy
2025-11-04 13:33:35.537 | INFO     | __main__:<module>:19 - Texte à analyser: I'm happy
2025-11-04 13:33:35.537 | INFO     | __main__:<module>:19 - Texte à analyser: I'm happy
2025-11-04 13:33:43.160 | DEBUG    | __main__:<module>:9 - L'application Streamlit est en cours de démarrage...
2025-11-04 13:33:43.160 | DEBUG    | __main__:<module>:9 - L'application Streamlit est en cours de démarrage...
2025-11-04 13:33:43.160 | DEBUG    | __main__:<module>:9 - L'application Streamlit est en cours de démarrage...
2025-11-04 13:33:43.160 | DEBUG    | __main__:<module>:9 - L'application Streamlit est en cours de démarrage...
2025-11-04 13:33:43.160 | DEBUG    | __main__:<module>:9 - L'application Streamlit est en cours de démarrage...
2025-11-04 13:33:43.160 | DEBUG    | __main__:<module>:9 - L'application Streamlit est en cours de démarrage...
2025-11-04 13:33:43.160 | DEBUG    | __main__:<module>:9 - L'application Streamlit est en cours de démarrage...
2025-11-04 13:33:43.160 | DEBUG    | __main__:<module>:9 - L'application Streamlit est en cours de démarrage...
2025-11-04 13:33:43.160 | DEBUG    | __main__:<module>:9 - L'application Streamlit est en cours de démarrage...
2025-11-04 13:33:43.160 | DEBUG    | __main__:<module>:9 - L'application Streamlit est en cours de démarrage...
2025-11-04 13:33:43.160 | DEBUG    | __main__:<module>:9 - L'application Streamlit est en cours de démarrage...
2025-11-04 13:33:43.160 | DEBUG    | __main__:<module>:9 - L'application Streamlit est en cours de démarrage...
2025-11-04 13:33:43.160 | DEBUG    | __main__:<module>:9 - L'application Streamlit est en cours de démarrage...
2025-11-04 13:33:43.160 | DEBUG    | __main__:<module>:9 - L'application Streamlit est en cours de démarrage...
2025-11-04 13:33:43.160 | DEBUG    | __main__:<module>:9 - L'application Streamlit est en cours de démarrage...
2025-11-04 13:33:43.160 | DEBUG    | __main__:<module>:9 - L'application Streamlit est en cours de démarrage...
2025-11-04 13:33:43.160 | DEBUG    | __main__:<module>:9 - L'application Streamlit est en cours de démarrage...
2025-11-04 13:33:43.160 | DEBUG    | __main__:<module>:9 - L'application Streamlit est en cours de démarrage...
2025-11-04 13:33:43.160 | DEBUG    | __main__:<module>:9 - L'application Streamlit est en cours de démarrage...
2025-11-04 13:33:43.160 | DEBUG    | __main__:<module>:9 - L'application Streamlit est en cours de démarrage...
2025-11-04 13:33:43.160 | DEBUG    | __main__:<module>:9 - L'application Streamlit est en cours de démarrage...
2025-11-04 13:33:43.160 | DEBUG    | __main__:<module>:9 - L'application Streamlit est en cours de démarrage...
2025-11-04 13:33:43.160 | DEBUG    | __main__:<module>:9 - L'application Streamlit est en cours de démarrage...
2025-11-04 13:33:43.160 | DEBUG    | __main__:<module>:9 - L'application Streamlit est en cours de démarrage...
2025-11-04 13:33:43.160 | DEBUG    | __main__:<module>:9 - L'application Streamlit est en cours de démarrage...
2025-11-04 13:33:43.204 | INFO     | __main__:<module>:19 - Texte à analyser: I'm sad
2025-11-04 13:33:43.204 | INFO     | __main__:<module>:19 - Texte à analyser: I'm sad
2025-11-04 13:33:43.204 | INFO     | __main__:<module>:19 - Texte à analyser: I'm sad
2025-11-04 13:33:43.204 | INFO     | __main__:<module>:19 - Texte à analyser: I'm sad
2025-11-04 13:33:43.204 | INFO     | __main__:<module>:19 - Texte à analyser: I'm sad
2025-11-04 13:33:43.204 | INFO     | __main__:<module>:19 - Texte à analyser: I'm sad
2025-11-04 13:33:43.204 | INFO     | __main__:<module>:19 - Texte à analyser: I'm sad
2025-11-04 13:33:43.204 | INFO     | __main__:<module>:19 - Texte à analyser: I'm sad
2025-11-04 13:33:43.204 | INFO     | __main__:<module>:19 - Texte à analyser: I'm sad
2025-11-04 13:33:43.204 | INFO     | __main__:<module>:19 - Texte à analyser: I'm sad
2025-11-04 13:33:43.204 | INFO     | __main__:<module>:19 - Texte à analyser: I'm sad
2025-11-04 13:33:43.204 | INFO     | __main__:<module>:19 - Texte à analyser: I'm sad
2025-11-04 13:33:43.204 | INFO     | __main__:<module>:19 - Texte à analyser: I'm sad
2025-11-04 13:33:43.204 | INFO     | __main__:<module>:19 - Texte à analyser: I'm sad
2025-11-04 13:33:43.204 | INFO     | __main__:<module>:19 - Texte à analyser: I'm sad
2025-11-04 13:33:43.204 | INFO     | __main__:<module>:19 - Texte à analyser: I'm sad
2025-11-04 13:33:43.204 | INFO     | __main__:<module>:19 - Texte à analyser: I'm sad
2025-11-04 13:33:43.204 | INFO     | __main__:<module>:19 - Texte à analyser: I'm sad
2025-11-04 13:33:43.204 | INFO     | __main__:<module>:19 - Texte à analyser: I'm sad
2025-11-04 13:33:43.204 | INFO     | __main__:<module>:19 - Texte à analyser: I'm sad
2025-11-04 13:33:43.204 | INFO     | __main__:<module>:19 - Texte à analyser: I'm sad
2025-11-04 13:33:43.204 | INFO     | __main__:<module>:19 - Texte à analyser: I'm sad
2025-11-04 13:33:43.204 | INFO     | __main__:<module>:19 - Texte à analyser: I'm sad
2025-11-04 13:33:43.204 | INFO     | __main__:<module>:19 - Texte à analyser: I'm sad
2025-11-04 13:33:43.204 | INFO     | __main__:<module>:19 - Texte à analyser: I'm sad
2025-11-04 13:33:47.165 | DEBUG    | __main__:<module>:9 - L'application Streamlit est en cours de démarrage...
2025-11-04 13:33:47.165 | DEBUG    | __main__:<module>:9 - L'application Streamlit est en cours de démarrage...
2025-11-04 13:33:47.165 | DEBUG    | __main__:<module>:9 - L'application Streamlit est en cours de démarrage...
2025-11-04 13:33:47.165 | DEBUG    | __main__:<module>:9 - L'application Streamlit est en cours de démarrage...
2025-11-04 13:33:47.165 | DEBUG    | __main__:<module>:9 - L'application Streamlit est en cours de démarrage...
2025-11-04 13:33:47.165 | DEBUG    | __main__:<module>:9 - L'application Streamlit est en cours de démarrage...
2025-11-04 13:33:47.165 | DEBUG    | __main__:<module>:9 - L'application Streamlit est en cours de démarrage...
2025-11-04 13:33:47.165 | DEBUG    | __main__:<module>:9 - L'application Streamlit est en cours de démarrage...
2025-11-04 13:33:47.165 | DEBUG    | __main__:<module>:9 - L'application Streamlit est en cours de démarrage...
2025-11-04 13:33:47.165 | DEBUG    | __main__:<module>:9 - L'application Streamlit est en cours de démarrage...
2025-11-04 13:33:47.165 | DEBUG    | __main__:<module>:9 - L'application Streamlit est en cours de démarrage...
2025-11-04 13:33:47.165 | DEBUG    | __main__:<module>:9 - L'application Streamlit est en cours de démarrage...
2025-11-04 13:33:47.165 | DEBUG    | __main__:<module>:9 - L'application Streamlit est en cours de démarrage...
2025-11-04 13:33:47.165 | DEBUG    | __main__:<module>:9 - L'application Streamlit est en cours de démarrage...
2025-11-04 13:33:47.165 | DEBUG    | __main__:<module>:9 - L'application Streamlit est en cours de démarrage...
2025-11-04 13:33:47.165 | DEBUG    | __main__:<module>:9 - L'application Streamlit est en cours de démarrage...
2025-11-04 13:33:47.165 | DEBUG    | __main__:<module>:9 - L'application Streamlit est en cours de démarrage...
2025-11-04 13:33:47.165 | DEBUG    | __main__:<module>:9 - L'application Streamlit est en cours de démarrage...
2025-11-04 13:33:47.165 | DEBUG    | __main__:<module>:9 - L'application Streamlit est en cours de démarrage...
2025-11-04 13:33:47.165 | DEBUG    | __main__:<module>:9 - L'application Streamlit est en cours de démarrage...
2025-11-04 13:33:47.165 | DEBUG    | __main__:<module>:9 - L'application Streamlit est en cours de démarrage...
2025-11-04 13:33:47.165 | DEBUG    | __main__:<module>:9 - L'application Streamlit est en cours de démarrage...
2025-11-04 13:33:47.165 | DEBUG    | __main__:<module>:9 - L'application Streamlit est en cours de démarrage...
2025-11-04 13:33:47.165 | DEBUG    | __main__:<module>:9 - L'application Streamlit est en cours de démarrage...
2025-11-04 13:33:47.165 | DEBUG    | __main__:<module>:9 - L'application Streamlit est en cours de démarrage...
2025-11-04 13:33:47.165 | DEBUG    | __main__:<module>:9 - L'application Streamlit est en cours de démarrage...
2025-11-04 13:33:47.175 | INFO     | __main__:<module>:19 - Texte à analyser: I'm neither
2025-11-04 13:33:47.175 | INFO     | __main__:<module>:19 - Texte à analyser: I'm neither
2025-11-04 13:33:47.175 | INFO     | __main__:<module>:19 - Texte à analyser: I'm neither
2025-11-04 13:33:47.175 | INFO     | __main__:<module>:19 - Texte à analyser: I'm neither
2025-11-04 13:33:47.175 | INFO     | __main__:<module>:19 - Texte à analyser: I'm neither
2025-11-04 13:33:47.175 | INFO     | __main__:<module>:19 - Texte à analyser: I'm neither
2025-11-04 13:33:47.175 | INFO     | __main__:<module>:19 - Texte à analyser: I'm neither
2025-11-04 13:33:47.175 | INFO     | __main__:<module>:19 - Texte à analyser: I'm neither
2025-11-04 13:33:47.175 | INFO     | __main__:<module>:19 - Texte à analyser: I'm neither
2025-11-04 13:33:47.175 | INFO     | __main__:<module>:19 - Texte à analyser: I'm neither
2025-11-04 13:33:47.175 | INFO     | __main__:<module>:19 - Texte à analyser: I'm neither
2025-11-04 13:33:47.175 | INFO     | __main__:<module>:19 - Texte à analyser: I'm neither
2025-11-04 13:33:47.175 | INFO     | __main__:<module>:19 - Texte à analyser: I'm neither
2025-11-04 13:33:47.175 | INFO     | __main__:<module>:19 - Texte à analyser: I'm neither
2025-11-04 13:33:47.175 | INFO     | __main__:<module>:19 - Texte à analyser: I'm neither
2025-11-04 13:33:47.175 | INFO     | __main__:<module>:19 - Texte à analyser: I'm neither
2025-11-04 13:33:47.175 | INFO     | __main__:<module>:19 - Texte à analyser: I'm neither
2025-11-04 13:33:47.175 | INFO     | __main__:<module>:19 - Texte à analyser: I'm neither
2025-11-04 13:33:47.175 | INFO     | __main__:<module>:19 - Texte à analyser: I'm neither
2025-11-04 13:33:47.175 | INFO     | __main__:<module>:19 - Texte à analyser: I'm neither
2025-11-04 13:33:47.175 | INFO     | __main__:<module>:19 - Texte à analyser: I'm neither
2025-11-04 13:33:47.175 | INFO     | __main__:<module>:19 - Texte à analyser: I'm neither
2025-11-04 13:33:47.175 | INFO     | __main__:<module>:19 - Texte à analyser: I'm neither
2025-11-04 13:33:47.175 | INFO     | __main__:<module>:19 - Texte à analyser: I'm neither
2025-11-04 13:33:47.175 | INFO     | __main__:<module>:19 - Texte à analyser: I'm neither
2025-11-04 13:33:47.175 | INFO     | __main__:<module>:19 - Texte à analyser: I'm neither
2025-11-04 13:53:37.999 | DEBUG    | __main__:<module>:9 - L'application Streamlit est en cours de démarrage...
2025-11-04 13:53:37.999 | DEBUG    | __main__:<module>:9 - L'application Streamlit est en cours de démarrage...
2025-11-04 13:53:37.999 | DEBUG    | __main__:<module>:9 - L'application Streamlit est en cours de démarrage...
2025-11-04 13:53:37.999 | DEBUG    | __main__:<module>:9 - L'application Streamlit est en cours de démarrage...
2025-11-04 13:53:37.999 | DEBUG    | __main__:<module>:9 - L'application Streamlit est en cours de démarrage...
2025-11-04 13:53:37.999 | DEBUG    | __main__:<module>:9 - L'application Streamlit est en cours de démarrage...
2025-11-04 13:53:37.999 | DEBUG    | __main__:<module>:9 - L'application Streamlit est en cours de démarrage...
2025-11-04 13:53:37.999 | DEBUG    | __main__:<module>:9 - L'application Streamlit est en cours de démarrage...
2025-11-04 13:53:37.999 | DEBUG    | __main__:<module>:9 - L'application Streamlit est en cours de démarrage...
2025-11-04 13:53:37.999 | DEBUG    | __main__:<module>:9 - L'application Streamlit est en cours de démarrage...
2025-11-04 13:53:37.999 | DEBUG    | __main__:<module>:9 - L'application Streamlit est en cours de démarrage...
2025-11-04 13:53:37.999 | DEBUG    | __main__:<module>:9 - L'application Streamlit est en cours de démarrage...
2025-11-04 13:53:37.999 | DEBUG    | __main__:<module>:9 - L'application Streamlit est en cours de démarrage...
2025-11-04 13:53:37.999 | DEBUG    | __main__:<module>:9 - L'application Streamlit est en cours de démarrage...
2025-11-04 13:53:37.999 | DEBUG    | __main__:<module>:9 - L'application Streamlit est en cours de démarrage...
2025-11-04 13:53:37.999 | DEBUG    | __main__:<module>:9 - L'application Streamlit est en cours de démarrage...
2025-11-04 13:53:37.999 | DEBUG    | __main__:<module>:9 - L'application Streamlit est en cours de démarrage...
2025-11-04 13:53:37.999 | DEBUG    | __main__:<module>:9 - L'application Streamlit est en cours de démarrage...
2025-11-04 13:53:37.999 | DEBUG    | __main__:<module>:9 - L'application Streamlit est en cours de démarrage...
2025-11-04 13:53:37.999 | DEBUG    | __main__:<module>:9 - L'application Streamlit est en cours de démarrage...
2025-11-04 13:53:37.999 | DEBUG    | __main__:<module>:9 - L'application Streamlit est en cours de démarrage...
2025-11-04 13:53:37.999 | DEBUG    | __main__:<module>:9 - L'application Streamlit est en cours de démarrage...
2025-11-04 13:53:37.999 | DEBUG    | __main__:<module>:9 - L'application Streamlit est en cours de démarrage...
2025-11-04 13:53:37.999 | DEBUG    | __main__:<module>:9 - L'application Streamlit est en cours de démarrage...
2025-11-04 13:53:37.999 | DEBUG    | __main__:<module>:9 - L'application Streamlit est en cours de démarrage...
2025-11-04 13:53:37.999 | DEBUG    | __main__:<module>:9 - L'application Streamlit est en cours de démarrage...
2025-11-04 13:53:37.999 | DEBUG    | __main__:<module>:9 - L'application Streamlit est en cours de démarrage...
2025-11-04 13:53:38.010 | INFO     | __main__:<module>:19 - Texte à analyser: I'm hap
2025-11-04 13:53:38.010 | INFO     | __main__:<module>:19 - Texte à analyser: I'm hap
2025-11-04 13:53:38.010 | INFO     | __main__:<module>:19 - Texte à analyser: I'm hap
2025-11-04 13:53:38.010 | INFO     | __main__:<module>:19 - Texte à analyser: I'm hap
2025-11-04 13:53:38.010 | INFO     | __main__:<module>:19 - Texte à analyser: I'm hap
2025-11-04 13:53:38.010 | INFO     | __main__:<module>:19 - Texte à analyser: I'm hap
2025-11-04 13:53:38.010 | INFO     | __main__:<module>:19 - Texte à analyser: I'm hap
2025-11-04 13:53:38.010 | INFO     | __main__:<module>:19 - Texte à analyser: I'm hap
2025-11-04 13:53:38.010 | INFO     | __main__:<module>:19 - Texte à analyser: I'm hap
2025-11-04 13:53:38.010 | INFO     | __main__:<module>:19 - Texte à analyser: I'm hap
2025-11-04 13:53:38.010 | INFO     | __main__:<module>:19 - Texte à analyser: I'm hap
2025-11-04 13:53:38.010 | INFO     | __main__:<module>:19 - Texte à analyser: I'm hap
2025-11-04 13:53:38.010 | INFO     | __main__:<module>:19 - Texte à analyser: I'm hap
2025-11-04 13:53:38.010 | INFO     | __main__:<module>:19 - Texte à analyser: I'm hap
2025-11-04 13:53:38.010 | INFO     | __main__:<module>:19 - Texte à analyser: I'm hap
2025-11-04 13:53:38.010 | INFO     | __main__:<module>:19 - Texte à analyser: I'm hap
2025-11-04 13:53:38.010 | INFO     | __main__:<module>:19 - Texte à analyser: I'm hap
2025-11-04 13:53:38.010 | INFO     | __main__:<module>:19 - Texte à analyser: I'm hap
2025-11-04 13:53:38.010 | INFO     | __main__:<module>:19 - Texte à analyser: I'm hap
2025-11-04 13:53:38.010 | INFO     | __main__:<module>:19 - Texte à analyser: I'm hap
2025-11-04 13:53:38.010 | INFO     | __main__:<module>:19 - Texte à analyser: I'm hap
2025-11-04 13:53:38.010 | INFO     | __main__:<module>:19 - Texte à analyser: I'm hap
2025-11-04 13:53:38.010 | INFO     | __main__:<module>:19 - Texte à analyser: I'm hap
2025-11-04 13:53:38.010 | INFO     | __main__:<module>:19 - Texte à analyser: I'm hap
2025-11-04 13:53:38.010 | INFO     | __main__:<module>:19 - Texte à analyser: I'm hap
2025-11-04 13:53:38.010 | INFO     | __main__:<module>:19 - Texte à analyser: I'm hap
2025-11-04 13:53:38.010 | INFO     | __main__:<module>:19 - Texte à analyser: I'm hap
2025-11-04 13:53:41.525 | DEBUG    | __main__:<module>:9 - L'application Streamlit est en cours de démarrage...
2025-11-04 13:53:41.525 | DEBUG    | __main__:<module>:9 - L'application Streamlit est en cours de démarrage...
2025-11-04 13:53:41.525 | DEBUG    | __main__:<module>:9 - L'application Streamlit est en cours de démarrage...
2025-11-04 13:53:41.525 | DEBUG    | __main__:<module>:9 - L'application Streamlit est en cours de démarrage...
2025-11-04 13:53:41.525 | DEBUG    | __main__:<module>:9 - L'application Streamlit est en cours de démarrage...
2025-11-04 13:53:41.525 | DEBUG    | __main__:<module>:9 - L'application Streamlit est en cours de démarrage...
2025-11-04 13:53:41.525 | DEBUG    | __main__:<module>:9 - L'application Streamlit est en cours de démarrage...
2025-11-04 13:53:41.525 | DEBUG    | __main__:<module>:9 - L'application Streamlit est en cours de démarrage...
2025-11-04 13:53:41.525 | DEBUG    | __main__:<module>:9 - L'application Streamlit est en cours de démarrage...
2025-11-04 13:53:41.525 | DEBUG    | __main__:<module>:9 - L'application Streamlit est en cours de démarrage...
2025-11-04 13:53:41.525 | DEBUG    | __main__:<module>:9 - L'application Streamlit est en cours de démarrage...
2025-11-04 13:53:41.525 | DEBUG    | __main__:<module>:9 - L'application Streamlit est en cours de démarrage...
2025-11-04 13:53:41.525 | DEBUG    | __main__:<module>:9 - L'application Streamlit est en cours de démarrage...
2025-11-04 13:53:41.525 | DEBUG    | __main__:<module>:9 - L'application Streamlit est en cours de démarrage...
2025-11-04 13:53:41.525 | DEBUG    | __main__:<module>:9 - L'application Streamlit est en cours de démarrage...
2025-11-04 13:53:41.525 | DEBUG    | __main__:<module>:9 - L'application Streamlit est en cours de démarrage...
2025-11-04 13:53:41.525 | DEBUG    | __main__:<module>:9 - L'application Streamlit est en cours de démarrage...
2025-11-04 13:53:41.525 | DEBUG    | __main__:<module>:9 - L'application Streamlit est en cours de démarrage...
2025-11-04 13:53:41.525 | DEBUG    | __main__:<module>:9 - L'application Streamlit est en cours de démarrage...
2025-11-04 13:53:41.525 | DEBUG    | __main__:<module>:9 - L'application Streamlit est en cours de démarrage...
2025-11-04 13:53:41.525 | DEBUG    | __main__:<module>:9 - L'application Streamlit est en cours de démarrage...
2025-11-04 13:53:41.525 | DEBUG    | __main__:<module>:9 - L'application Streamlit est en cours de démarrage...
2025-11-04 13:53:41.525 | DEBUG    | __main__:<module>:9 - L'application Streamlit est en cours de démarrage...
2025-11-04 13:53:41.525 | DEBUG    | __main__:<module>:9 - L'application Streamlit est en cours de démarrage...
2025-11-04 13:53:41.525 | DEBUG    | __main__:<module>:9 - L'application Streamlit est en cours de démarrage...
2025-11-04 13:53:41.525 | DEBUG    | __main__:<module>:9 - L'application Streamlit est en cours de démarrage...
2025-11-04 13:53:41.525 | DEBUG    | __main__:<module>:9 - L'application Streamlit est en cours de démarrage...
2025-11-04 13:53:41.525 | DEBUG    | __main__:<module>:9 - L'application Streamlit est en cours de démarrage...
2025-11-04 13:53:41.529 | INFO     | __main__:<module>:19 - Texte à analyser: I'm happy
2025-11-04 13:53:41.529 | INFO     | __main__:<module>:19 - Texte à analyser: I'm happy
2025-11-04 13:53:41.529 | INFO     | __main__:<module>:19 - Texte à analyser: I'm happy
2025-11-04 13:53:41.529 | INFO     | __main__:<module>:19 - Texte à analyser: I'm happy
2025-11-04 13:53:41.529 | INFO     | __main__:<module>:19 - Texte à analyser: I'm happy
2025-11-04 13:53:41.529 | INFO     | __main__:<module>:19 - Texte à analyser: I'm happy
2025-11-04 13:53:41.529 | INFO     | __main__:<module>:19 - Texte à analyser: I'm happy
2025-11-04 13:53:41.529 | INFO     | __main__:<module>:19 - Texte à analyser: I'm happy
2025-11-04 13:53:41.529 | INFO     | __main__:<module>:19 - Texte à analyser: I'm happy
2025-11-04 13:53:41.529 | INFO     | __main__:<module>:19 - Texte à analyser: I'm happy
2025-11-04 13:53:41.529 | INFO     | __main__:<module>:19 - Texte à analyser: I'm happy
2025-11-04 13:53:41.529 | INFO     | __main__:<module>:19 - Texte à analyser: I'm happy
2025-11-04 13:53:41.529 | INFO     | __main__:<module>:19 - Texte à analyser: I'm happy
2025-11-04 13:53:41.529 | INFO     | __main__:<module>:19 - Texte à analyser: I'm happy
2025-11-04 13:53:41.529 | INFO     | __main__:<module>:19 - Texte à analyser: I'm happy
2025-11-04 13:53:41.529 | INFO     | __main__:<module>:19 - Texte à analyser: I'm happy
2025-11-04 13:53:41.529 | INFO     | __main__:<module>:19 - Texte à analyser: I'm happy
2025-11-04 13:53:41.529 | INFO     | __main__:<module>:19 - Texte à analyser: I'm happy
2025-11-04 13:53:41.529 | INFO     | __main__:<module>:19 - Texte à analyser: I'm happy
2025-11-04 13:53:41.529 | INFO     | __main__:<module>:19 - Texte à analyser: I'm happy
2025-11-04 13:53:41.529 | INFO     | __main__:<module>:19 - Texte à analyser: I'm happy
2025-11-04 13:53:41.529 | INFO     | __main__:<module>:19 - Texte à analyser: I'm happy
2025-11-04 13:53:41.529 | INFO     | __main__:<module>:19 - Texte à analyser: I'm happy
2025-11-04 13:53:41.529 | INFO     | __main__:<module>:19 - Texte à analyser: I'm happy
2025-11-04 13:53:41.529 | INFO     | __main__:<module>:19 - Texte à analyser: I'm happy
2025-11-04 13:53:41.529 | INFO     | __main__:<module>:19 - Texte à analyser: I'm happy
2025-11-04 13:53:41.529 | INFO     | __main__:<module>:19 - Texte à analyser: I'm happy
2025-11-04 13:53:41.529 | INFO     | __main__:<module>:19 - Texte à analyser: I'm happy
