2025-11-04 11:33:05.160 | DEBUG    | main:<module>:14 - L'API est en cours de démarrage...
2025-11-04 11:54:00.693 | DEBUG    | main:<module>:14 - L'API est en cours de démarrage...
2025-11-04 11:58:01.704 | DEBUG    | main:<module>:14 - L'API est en cours de démarrage...
2025-11-04 12:02:14.540 | DEBUG    | main:<module>:14 - L'API est en cours de démarrage...
2025-11-04 12:02:37.315 | DEBUG    | main:<module>:14 - L'API est en cours de démarrage...
2025-11-04 12:02:38.735 | INFO     | main:analyse_sentiment:33 - Analyse du texte: I love kitten
2025-11-04 12:02:38.735 | INFO     | main:analyse_sentiment:36 - Résultats: {'neg': 0.0, 'neu': 0.192, 'pos': 0.808, 'compound': 0.6369}
2025-11-04 13:11:54.296 | INFO     | main:analyse_sentiment:33 - Analyse du texte: I want to sleep
2025-11-04 13:11:54.300 | INFO     | main:analyse_sentiment:36 - Résultats: {'neg': 0.0, 'neu': 0.606, 'pos': 0.394, 'compound': 0.0772}
2025-11-04 13:26:29.957 | INFO     | main:analyse_sentiment:33 - Analyse du texte: I want to sleep
2025-11-04 13:26:29.962 | INFO     | main:analyse_sentiment:36 - Résultats: {'neg': 0.0, 'neu': 0.606, 'pos': 0.394, 'compound': 0.0772}
2025-11-04 13:27:20.739 | INFO     | main:analyse_sentiment:33 - Analyse du texte: I want to sleep
2025-11-04 13:27:20.740 | INFO     | main:analyse_sentiment:36 - Résultats: {'neg': 0.0, 'neu': 0.606, 'pos': 0.394, 'compound': 0.0772}
2025-11-04 13:27:47.246 | INFO     | main:analyse_sentiment:33 - Analyse du texte: I'm happy
2025-11-04 13:27:47.262 | INFO     | main:analyse_sentiment:36 - Résultats: {'neg': 0.0, 'neu': 0.213, 'pos': 0.787, 'compound': 0.5719}
2025-11-04 13:27:50.529 | INFO     | main:analyse_sentiment:33 - Analyse du texte: I'm sad
2025-11-04 13:27:50.530 | INFO     | main:analyse_sentiment:36 - Résultats: {'neg': 0.756, 'neu': 0.244, 'pos': 0.0, 'compound': -0.4767}
2025-11-04 13:27:56.037 | INFO     | main:analyse_sentiment:33 - Analyse du texte: I'm neither
2025-11-04 13:27:56.037 | INFO     | main:analyse_sentiment:36 - Résultats: {'neg': 0.0, 'neu': 1.0, 'pos': 0.0, 'compound': 0.0}
2025-11-04 13:33:26.721 | INFO     | main:analyse_sentiment:33 - Analyse du texte: I'm neither
2025-11-04 13:33:26.729 | INFO     | main:analyse_sentiment:36 - Résultats: {'neg': 0.0, 'neu': 1.0, 'pos': 0.0, 'compound': 0.0}
2025-11-04 13:33:35.631 | INFO     | main:analyse_sentiment:33 - Analyse du texte: I'm happy
2025-11-04 13:33:35.633 | INFO     | main:analyse_sentiment:36 - Résultats: {'neg': 0.0, 'neu': 0.213, 'pos': 0.787, 'compound': 0.5719}
2025-11-04 13:33:43.237 | INFO     | main:analyse_sentiment:33 - Analyse du texte: I'm sad
2025-11-04 13:33:43.238 | INFO     | main:analyse_sentiment:36 - Résultats: {'neg': 0.756, 'neu': 0.244, 'pos': 0.0, 'compound': -0.4767}
2025-11-04 13:33:47.299 | INFO     | main:analyse_sentiment:33 - Analyse du texte: I'm neither
2025-11-04 13:33:47.306 | INFO     | main:analyse_sentiment:36 - Résultats: {'neg': 0.0, 'neu': 1.0, 'pos': 0.0, 'compound': 0.0}
2025-11-04 13:53:33.432 | DEBUG    | main:<module>:15 - L'API est en cours de démarrage...
2025-11-04 13:53:38.043 | INFO     | main:analyse_sentiment:27 - Analyse du texte: I'm hap
2025-11-04 13:53:38.043 | INFO     | main:analyse_sentiment:30 - Résultats: {'neg': 0.0, 'neu': 1.0, 'pos': 0.0, 'compound': 0.0}
2025-11-04 13:53:41.543 | INFO     | main:analyse_sentiment:27 - Analyse du texte: I'm happy
2025-11-04 13:53:41.543 | INFO     | main:analyse_sentiment:30 - Résultats: {'neg': 0.0, 'neu': 0.213, 'pos': 0.787, 'compound': 0.5719}
